Configuration file: /home/eris29/APCSA/ylublog/_config.yml
To use retry middleware with Faraday v2.0+, install `faraday-retry` gem
            Source: /home/eris29/APCSA/ylublog
       Destination: /home/eris29/APCSA/ylublog/_site
 Incremental build: disabled. Enable with --incremental
      Generating... 
      Remote Theme: Using theme pages-themes/midnight
fatal: ambiguous argument 'HEAD': unknown revision or path not in the working tree.
Use '--' to separate paths from revisions, like this:
'git <command> [<revision>...] -- [<file>...]'
[31m  Liquid Exception: No repo name found. Specify using PAGES_REPO_NWO environment variables, 'repository' in your configuration, or set up an 'origin' git remote pointing to your github.com repository. in /_layouts/default.html[0m
[31m             ERROR: YOUR SITE COULD NOT BE BUILT:[0m
[31m                    ------------------------------------[0m
[31m                    No repo name found. Specify using PAGES_REPO_NWO environment variables, 'repository' in your configuration, or set up an 'origin' git remote pointing to your github.com repository.[0m
Configuration file: /home/eris29/APCSA/ylublog/_config.yml
To use retry middleware with Faraday v2.0+, install `faraday-retry` gem
            Source: /home/eris29/APCSA/ylublog
       Destination: /home/eris29/APCSA/ylublog/_site
 Incremental build: disabled. Enable with --incremental
      Generating... 
      Remote Theme: Using theme pages-themes/midnight
                    done in 0.907 seconds.
[33m                    Auto-regeneration may not work on some Windows versions.[0m
[33m                    Please see: https://github.com/Microsoft/BashOnWindows/issues/216[0m
[33m                    If it does not work, please upgrade Bash on Windows or run Jekyll with --no-watch.[0m
 Auto-regeneration: enabled for '/home/eris29/APCSA/ylublog'
    Server address: http://127.0.0.1:4200/student/
  Server running... press ctrl-c to stop.
      Regenerating: 1 file(s) changed at 2023-08-18 09:36:25
                    nohup.out
      Remote Theme: Using theme pages-themes/midnight
                    ...done in 0.133246018 seconds.
                    
      Regenerating: 1 file(s) changed at 2023-08-18 09:36:26
                    nohup.out
      Remote Theme: Using theme pages-themes/midnight
                    ...done in 0.139229392 seconds.
                    
      Regenerating: 1 file(s) changed at 2023-08-18 09:36:26
                    nohup.out
      Remote Theme: Using theme pages-themes/midnight
                    ...done in 0.133239206 seconds.
                    
      Regenerating: 1 file(s) changed at 2023-08-18 09:36:26
                    nohup.out
      Remote Theme: Using theme pages-themes/midnight
                    ...done in 0.132808022 seconds.
                    
      Regenerating: 1 file(s) changed at 2023-08-18 09:36:26
                    nohup.out
      Remote Theme: Using theme pages-themes/midnight
                    ...done in 0.139060139 seconds.
                    
      Regenerating: 1 file(s) changed at 2023-08-18 09:36:27
                    nohup.out
      Remote Theme: Using theme pages-themes/midnight
                    ...done in 0.136301184 seconds.
                    
      Regenerating: 1 file(s) changed at 2023-08-18 09:36:27
                    nohup.out
      Remote Theme: Using theme pages-themes/midnight
                    ...done in 0.132372254 seconds.
                    
      Regenerating: 1 file(s) changed at 2023-08-18 09:36:27
                    nohup.out
      Remote Theme: Using theme pages-themes/midnight
                    ...done in 0.135102499 seconds.
                    
      Regenerating: 1 file(s) changed at 2023-08-18 09:36:27
                    nohup.out
      Remote Theme: Using theme pages-themes/midnight
                    ...done in 0.133053051 seconds.
                    
      Regenerating: 1 file(s) changed at 2023-08-18 09:36:28
                    nohup.out
      Remote Theme: Using theme pages-themes/midnight
                    ...done in 0.136659011 seconds.
                    
      Regenerating: 1 file(s) changed at 2023-08-18 09:36:28
                    nohup.out
      Remote Theme: Using theme pages-themes/midnight
                    ...done in 0.139852739 seconds.
                    
      Regenerating: 1 file(s) changed at 2023-08-18 09:36:28
                    nohup.out
      Remote Theme: Using theme pages-themes/midnight
                    ...done in 0.140573828 seconds.
                    
      Regenerating: 1 file(s) changed at 2023-08-18 09:36:28
                    nohup.out
      Remote Theme: Using theme pages-themes/midnight
                    ...done in 0.13931035 seconds.
                    
      Regenerating: 1 file(s) changed at 2023-08-18 09:36:28
                    nohup.out
      Remote Theme: Using theme pages-themes/midnight
                    ...done in 0.142346435 seconds.
                    
      Regenerating: 1 file(s) changed at 2023-08-18 09:36:29
                    nohup.out
      Remote Theme: Using theme pages-themes/midnight
                    ...done in 0.143504399 seconds.
                    
      Regenerating: 1 file(s) changed at 2023-08-18 09:36:29
                    nohup.out
      Remote Theme: Using theme pages-themes/midnight
                    ...done in 0.127968406 seconds.
                    
      Regenerating: 1 file(s) changed at 2023-08-18 09:36:29
                    nohup.out
      Remote Theme: Using theme pages-themes/midnight
                    ...done in 0.131147082 seconds.
                    
      Regenerating: 1 file(s) changed at 2023-08-18 09:36:29
                    nohup.out
      Remote Theme: Using theme pages-themes/midnight
                    ...done in 0.127853763 seconds.
                    
      Regenerating: 1 file(s) changed at 2023-08-18 09:36:30
                    nohup.out
      Remote Theme: Using theme pages-themes/midnight
                    ...done in 0.138468554 seconds.
                    
      Regenerating: 1 file(s) changed at 2023-08-18 09:36:30
                    nohup.out
      Remote Theme: Using theme pages-themes/midnight
[33m             Error: No such file or directory @ rb_file_s_stat - /tmp/jekyll-remote-theme-20230818-25767-12yapv3/assets/images/bullet.png[0m
[33m             Error: Run jekyll build --trace for more information.[0m
                    
